build/app/intermediates/manifest_merge_blame_file/debug/processDebugMainManifest/manifest-merger-blame-debug-report.txt
1<?xml version="1.0" encoding="utf-8"?>
2<manifest xmlns:android="http://schemas.android.com/apk/res/android"
3    package="com.rektech.settingwalaapp"
4    android:versionCode="1"
5    android:versionName="1.0.0" >
6
7    <uses-sdk
8        android:minSdkVersion="24"
9        android:targetSdkVersion="36" />
10    <!--
11         The INTERNET permission is required for development. Specifically,
12         the Flutter tool needs it to communicate with the running application
13         to allow setting breakpoints, to provide hot reload, etc.
14    -->
15    <uses-permission android:name="android.permission.INTERNET" />
15-->src\main\AndroidManifest.xml:2:5-67
15-->src\main\AndroidManifest.xml:2:22-64
16    <!-- File Access Permissions -->
17    <uses-permission
17-->src\main\AndroidManifest.xml:4:5-107
18        android:name="android.permission.READ_EXTERNAL_STORAGE"
18-->src\main\AndroidManifest.xml:4:22-77
19        android:maxSdkVersion="32" />
19-->src\main\AndroidManifest.xml:4:78-104
20    <uses-permission
20-->src\main\AndroidManifest.xml:5:5-108
21        android:name="android.permission.WRITE_EXTERNAL_STORAGE"
21-->src\main\AndroidManifest.xml:5:22-78
22        android:maxSdkVersion="29" />
22-->src\main\AndroidManifest.xml:5:79-105
23    <uses-permission android:name="android.permission.READ_MEDIA_VISUAL_USER_SELECTED" />
23-->src\main\AndroidManifest.xml:6:5-90
23-->src\main\AndroidManifest.xml:6:22-87
24    <uses-permission android:name="android.permission.ACCESS_BACKGROUND_LOCATION" />
24-->src\main\AndroidManifest.xml:7:5-85
24-->src\main\AndroidManifest.xml:7:22-82
25    <uses-permission android:name="android.permission.ACCESS_COARSE_LOCATION" />
25-->src\main\AndroidManifest.xml:8:5-81
25-->src\main\AndroidManifest.xml:8:22-78
26    <uses-permission android:name="android.permission.ACCESS_COARSE_LOCATION" />
26-->src\main\AndroidManifest.xml:8:5-81
26-->src\main\AndroidManifest.xml:8:22-78
27    <uses-permission android:name="android.permission.ACCESS_FINE_LOCATION" />
27-->src\main\AndroidManifest.xml:10:5-78
27-->src\main\AndroidManifest.xml:10:22-76
28    <uses-permission android:name="android.permission.READ_MEDIA_IMAGES" />
28-->src\main\AndroidManifest.xml:11:5-76
28-->src\main\AndroidManifest.xml:11:22-73
29    <uses-permission android:name="android.permission.READ_MEDIA_VIDEO" />
29-->src\main\AndroidManifest.xml:12:5-75
29-->src\main\AndroidManifest.xml:12:22-72
30    <uses-permission android:name="android.permission.READ_MEDIA_AUDIO" />
30-->src\main\AndroidManifest.xml:13:5-74
30-->src\main\AndroidManifest.xml:13:22-72
31    <!--
32 Required to query activities that can process text, see:
33         https://developer.android.com/training/package-visibility and
34         https://developer.android.com/reference/android/content/Intent#ACTION_PROCESS_TEXT.
35
36         In particular, this is used by the Flutter engine in io.flutter.plugin.text.ProcessTextPlugin.
37    -->
38    <queries>
38-->src\main\AndroidManifest.xml:54:5-68:15
39        <intent>
39-->src\main\AndroidManifest.xml:55:9-58:18
40            <action android:name="android.intent.action.PROCESS_TEXT" />
40-->src\main\AndroidManifest.xml:56:13-72
40-->src\main\AndroidManifest.xml:56:21-70
41
42            <data android:mimeType="text/plain" />
42-->src\main\AndroidManifest.xml:57:13-50
42-->src\main\AndroidManifest.xml:57:19-48
43        </intent>
44        <!-- Required for Google Sign-in -->
45        <intent>
45-->src\main\AndroidManifest.xml:60:9-64:18
46            <action android:name="android.intent.action.VIEW" />
46-->src\main\AndroidManifest.xml:61:13-65
46-->src\main\AndroidManifest.xml:61:21-62
47
48            <category android:name="android.intent.category.BROWSABLE" />
48-->src\main\AndroidManifest.xml:62:13-74
48-->src\main\AndroidManifest.xml:62:23-71
49
50            <data android:scheme="https" />
50-->src\main\AndroidManifest.xml:57:13-50
51        </intent>
52        <intent>
52-->src\main\AndroidManifest.xml:65:9-67:18
53            <action android:name="android.support.customtabs.action.CustomTabsService" />
53-->src\main\AndroidManifest.xml:66:13-90
53-->src\main\AndroidManifest.xml:66:21-87
54        </intent>
55        <intent>
55-->[com.cashfree.pg:core:2.2.8] AndroidManifest.xml:19:9-25:18
56            <action android:name="android.intent.action.VIEW" />
56-->src\main\AndroidManifest.xml:61:13-65
56-->src\main\AndroidManifest.xml:61:21-62
57
58            <data
58-->src\main\AndroidManifest.xml:57:13-50
59                android:host="pay"
60                android:scheme="upi" />
61        </intent>
62        <intent>
62-->[com.cashfree.pg:core:2.2.8] AndroidManifest.xml:26:9-32:18
63            <action android:name="android.intent.action.VIEW" />
63-->src\main\AndroidManifest.xml:61:13-65
63-->src\main\AndroidManifest.xml:61:21-62
64
65            <data
65-->src\main\AndroidManifest.xml:57:13-50
66                android:host="mandate"
67                android:scheme="upi" />
68        </intent>
69
70        <package android:name="com.android.chrome" /> <!-- Needs to be explicitly declared on Android R+ -->
70-->[com.cashfree.pg:core:2.2.8] AndroidManifest.xml:34:9-54
70-->[com.cashfree.pg:core:2.2.8] AndroidManifest.xml:34:18-51
71        <package android:name="com.google.android.apps.maps" />
71-->[com.google.android.gms:play-services-maps:19.2.0] AndroidManifest.xml:29:7-61
71-->[com.google.android.gms:play-services-maps:19.2.0] AndroidManifest.xml:29:16-59
72    </queries>
73
74    <uses-permission android:name="android.permission.WAKE_LOCK" />
74-->[:firebase_messaging] AndroidManifest.xml:8:5-68
74-->[:firebase_messaging] AndroidManifest.xml:8:22-65
75    <uses-permission android:name="android.permission.ACCESS_NETWORK_STATE" /> <!-- Permissions options for the `notification` group -->
75-->[:firebase_messaging] AndroidManifest.xml:9:5-79
75-->[:firebase_messaging] AndroidManifest.xml:9:22-76
76    <uses-permission android:name="android.permission.POST_NOTIFICATIONS" />
76-->[:firebase_messaging] AndroidManifest.xml:11:5-77
76-->[:firebase_messaging] AndroidManifest.xml:11:22-74
77
78    <meta-data
78-->[:flutter_cashfree_pg_sdk] AndroidManifest.xml:7:5-9:29
79        android:name="flutterEmbedding"
79-->[:flutter_cashfree_pg_sdk] AndroidManifest.xml:8:9-40
80        android:value="2" />
80-->[:flutter_cashfree_pg_sdk] AndroidManifest.xml:9:9-26
81
82    <uses-permission
82-->[com.cashfree.pg:ui:2.2.8] AndroidManifest.xml:10:5-12:36
83        android:name="android.permission.NFC"
83-->[com.cashfree.pg:ui:2.2.8] AndroidManifest.xml:11:9-46
84        android:required="false" />
84-->[com.cashfree.pg:ui:2.2.8] AndroidManifest.xml:12:9-33
85
86    <uses-feature
86-->[com.cashfree.pg:core:2.2.8] AndroidManifest.xml:14:5-16:36
87        android:name="android.hardware.nfc"
87-->[com.cashfree.pg:core:2.2.8] AndroidManifest.xml:15:9-44
88        android:required="false" />
88-->[com.cashfree.pg:core:2.2.8] AndroidManifest.xml:16:9-33
89    <uses-feature
89-->[com.google.android.gms:play-services-maps:19.2.0] AndroidManifest.xml:22:5-24:33
90        android:glEsVersion="0x00020000"
90-->[com.google.android.gms:play-services-maps:19.2.0] AndroidManifest.xml:23:8-40
91        android:required="true" /> <!-- Required by older versions of Google Play services to create IID tokens -->
91-->[com.google.android.gms:play-services-maps:19.2.0] AndroidManifest.xml:24:8-31
92    <uses-permission android:name="com.google.android.c2dm.permission.RECEIVE" />
92-->[com.google.firebase:firebase-messaging:25.0.1] AndroidManifest.xml:26:5-82
92-->[com.google.firebase:firebase-messaging:25.0.1] AndroidManifest.xml:26:22-79
93    <uses-permission android:name="com.google.android.providers.gsf.permission.READ_GSERVICES" />
93-->[com.google.android.recaptcha:recaptcha:18.6.1] AndroidManifest.xml:9:5-98
93-->[com.google.android.recaptcha:recaptcha:18.6.1] AndroidManifest.xml:9:22-95
94
95    <permission
95-->[androidx.core:core:1.17.0] AndroidManifest.xml:22:5-24:47
96        android:name="com.rektech.settingwalaapp.DYNAMIC_RECEIVER_NOT_EXPORTED_PERMISSION"
96-->[androidx.core:core:1.17.0] AndroidManifest.xml:23:9-81
97        android:protectionLevel="signature" />
97-->[androidx.core:core:1.17.0] AndroidManifest.xml:24:9-44
98
99    <uses-permission android:name="com.rektech.settingwalaapp.DYNAMIC_RECEIVER_NOT_EXPORTED_PERMISSION" />
99-->[androidx.core:core:1.17.0] AndroidManifest.xml:26:5-97
99-->[androidx.core:core:1.17.0] AndroidManifest.xml:26:22-94
100
101    <application
102        android:name="android.app.Application"
103        android:appComponentFactory="androidx.core.app.CoreComponentFactory"
103-->[androidx.core:core:1.17.0] AndroidManifest.xml:28:18-86
104        android:debuggable="true"
105        android:extractNativeLibs="false"
106        android:icon="@mipmap/ic_launcher"
107        android:label="settingwala"
108        android:supportsRtl="true" >
108-->[com.cashfree.pg:core:2.2.8] AndroidManifest.xml:38:9-35
109        <activity
110            android:name="com.rektech.settingwalaapp.MainActivity"
111            android:configChanges="orientation|keyboardHidden|keyboard|screenSize|smallestScreenSize|locale|layoutDirection|fontScale|screenLayout|density|uiMode"
112            android:exported="true"
113            android:hardwareAccelerated="true"
114            android:launchMode="singleTop"
115            android:taskAffinity=""
116            android:theme="@style/LaunchTheme"
117            android:windowSoftInputMode="adjustResize" >
118
119            <!--
120                 Specifies an Android theme to apply to this Activity as soon as
121                 the Android process has started. This theme is visible to the user
122                 while the Flutter UI initializes. After that, this theme continues
123                 to determine the Window background behind the Flutter UI.
124            -->
125            <meta-data
126                android:name="io.flutter.embedding.android.NormalTheme"
127                android:resource="@style/NormalTheme" />
128            <meta-data
129                android:name="com.google.firebase.messaging.default_notification_channel_id"
130                android:value="high_importance_channel" />
131
132            <intent-filter>
133                <action android:name="android.intent.action.MAIN" />
134
135                <category android:name="android.intent.category.LAUNCHER" />
136            </intent-filter>
137        </activity>
138        <!--
139             Don't delete the meta-data below.
140             This is used by the Flutter tool to generate GeneratedPluginRegistrant.java
141        -->
142        <meta-data
142-->[:flutter_cashfree_pg_sdk] AndroidManifest.xml:7:5-9:29
143            android:name="flutterEmbedding"
143-->[:flutter_cashfree_pg_sdk] AndroidManifest.xml:8:9-40
144            android:value="2" />
144-->[:flutter_cashfree_pg_sdk] AndroidManifest.xml:9:9-26
145
146        <service
146-->[:location] AndroidManifest.xml:11:9-15:56
147            android:name="com.lyokone.location.FlutterLocationService"
147-->[:location] AndroidManifest.xml:12:13-71
148            android:enabled="true"
148-->[:location] AndroidManifest.xml:13:13-35
149            android:exported="false"
149-->[:location] AndroidManifest.xml:14:13-37
150            android:foregroundServiceType="location" />
150-->[:location] AndroidManifest.xml:15:13-53
151        <service
151-->[:geolocator_android] AndroidManifest.xml:8:9-12:56
152            android:name="com.baseflow.geolocator.GeolocatorLocationService"
152-->[:geolocator_android] AndroidManifest.xml:9:13-77
153            android:enabled="true"
153-->[:geolocator_android] AndroidManifest.xml:10:13-35
154            android:exported="false"
154-->[:geolocator_android] AndroidManifest.xml:11:13-37
155            android:foregroundServiceType="location" />
155-->[:geolocator_android] AndroidManifest.xml:12:13-53
156
157        <provider
157-->[:image_picker_android] AndroidManifest.xml:9:9-17:20
158            android:name="io.flutter.plugins.imagepicker.ImagePickerFileProvider"
158-->[:image_picker_android] AndroidManifest.xml:10:13-82
159            android:authorities="com.rektech.settingwalaapp.flutter.image_provider"
159-->[:image_picker_android] AndroidManifest.xml:11:13-74
160            android:exported="false"
160-->[:image_picker_android] AndroidManifest.xml:12:13-37
161            android:grantUriPermissions="true" >
161-->[:image_picker_android] AndroidManifest.xml:13:13-47
162            <meta-data
162-->[:image_picker_android] AndroidManifest.xml:14:13-16:75
163                android:name="android.support.FILE_PROVIDER_PATHS"
163-->[:image_picker_android] AndroidManifest.xml:15:17-67
164                android:resource="@xml/flutter_image_picker_file_paths" />
164-->[:image_picker_android] AndroidManifest.xml:16:17-72
165        </provider> <!-- Trigger Google Play services to install the backported photo picker module. -->
166        <service
166-->[:image_picker_android] AndroidManifest.xml:19:9-31:19
167            android:name="com.google.android.gms.metadata.ModuleDependencies"
167-->[:image_picker_android] AndroidManifest.xml:20:13-78
168            android:enabled="false"
168-->[:image_picker_android] AndroidManifest.xml:21:13-36
169            android:exported="false" >
169-->[:image_picker_android] AndroidManifest.xml:22:13-37
170            <intent-filter>
170-->[:image_picker_android] AndroidManifest.xml:24:13-26:29
171                <action android:name="com.google.android.gms.metadata.MODULE_DEPENDENCIES" />
171-->[:image_picker_android] AndroidManifest.xml:25:17-94
171-->[:image_picker_android] AndroidManifest.xml:25:25-91
172            </intent-filter>
173
174            <meta-data
174-->[:image_picker_android] AndroidManifest.xml:28:13-30:36
175                android:name="photopicker_activity:0:required"
175-->[:image_picker_android] AndroidManifest.xml:29:17-63
176                android:value="" />
176-->[:image_picker_android] AndroidManifest.xml:30:17-33
177        </service>
178
179        <activity
179-->[:url_launcher_android] AndroidManifest.xml:8:9-11:74
180            android:name="io.flutter.plugins.urllauncher.WebViewActivity"
180-->[:url_launcher_android] AndroidManifest.xml:9:13-74
181            android:exported="false"
181-->[:url_launcher_android] AndroidManifest.xml:10:13-37
182            android:theme="@android:style/Theme.NoTitleBar.Fullscreen" />
182-->[:url_launcher_android] AndroidManifest.xml:11:13-71
183
184        <service
184-->[:firebase_auth] AndroidManifest.xml:8:9-12:19
185            android:name="com.google.firebase.components.ComponentDiscoveryService"
185-->[:firebase_auth] AndroidManifest.xml:8:18-89
186            android:directBootAware="true"
186-->[com.google.firebase:firebase-common:22.0.1] AndroidManifest.xml:32:13-43
187            android:exported="false" >
187-->[com.google.firebase:firebase-auth:24.0.1] AndroidManifest.xml:68:13-37
188            <meta-data
188-->[:firebase_auth] AndroidManifest.xml:9:13-11:85
189                android:name="com.google.firebase.components:io.flutter.plugins.firebase.auth.FlutterFirebaseAuthRegistrar"
189-->[:firebase_auth] AndroidManifest.xml:10:17-124
190                android:value="com.google.firebase.components.ComponentRegistrar" />
190-->[:firebase_auth] AndroidManifest.xml:11:17-82
191            <meta-data
191-->[:firebase_messaging] AndroidManifest.xml:36:13-38:85
192                android:name="com.google.firebase.components:io.flutter.plugins.firebase.messaging.FlutterFirebaseAppRegistrar"
192-->[:firebase_messaging] AndroidManifest.xml:37:17-128
193                android:value="com.google.firebase.components.ComponentRegistrar" />
193-->[:firebase_messaging] AndroidManifest.xml:38:17-82
194            <meta-data
194-->[:firebase_core] AndroidManifest.xml:9:13-11:85
195                android:name="com.google.firebase.components:io.flutter.plugins.firebase.core.FlutterFirebaseCoreRegistrar"
195-->[:firebase_core] AndroidManifest.xml:10:17-124
196                android:value="com.google.firebase.components.ComponentRegistrar" />
196-->[:firebase_core] AndroidManifest.xml:11:17-82
197            <meta-data
197-->[com.google.firebase:firebase-auth:24.0.1] AndroidManifest.xml:69:13-71:85
198                android:name="com.google.firebase.components:com.google.firebase.auth.FirebaseAuthRegistrar"
198-->[com.google.firebase:firebase-auth:24.0.1] AndroidManifest.xml:70:17-109
199                android:value="com.google.firebase.components.ComponentRegistrar" />
199-->[com.google.firebase:firebase-auth:24.0.1] AndroidManifest.xml:71:17-82
200            <meta-data
200-->[com.google.firebase:firebase-messaging:25.0.1] AndroidManifest.xml:57:13-59:85
201                android:name="com.google.firebase.components:com.google.firebase.messaging.FirebaseMessagingKtxRegistrar"
201-->[com.google.firebase:firebase-messaging:25.0.1] AndroidManifest.xml:58:17-122
202                android:value="com.google.firebase.components.ComponentRegistrar" />
202-->[com.google.firebase:firebase-messaging:25.0.1] AndroidManifest.xml:59:17-82
203            <meta-data
203-->[com.google.firebase:firebase-messaging:25.0.1] AndroidManifest.xml:60:13-62:85
204                android:name="com.google.firebase.components:com.google.firebase.messaging.FirebaseMessagingRegistrar"
204-->[com.google.firebase:firebase-messaging:25.0.1] AndroidManifest.xml:61:17-119
205                android:value="com.google.firebase.components.ComponentRegistrar" />
205-->[com.google.firebase:firebase-messaging:25.0.1] AndroidManifest.xml:62:17-82
206            <meta-data
206-->[com.google.firebase:firebase-installations:19.0.1] AndroidManifest.xml:15:13-17:85
207                android:name="com.google.firebase.components:com.google.firebase.installations.FirebaseInstallationsKtxRegistrar"
207-->[com.google.firebase:firebase-installations:19.0.1] AndroidManifest.xml:16:17-130
208                android:value="com.google.firebase.components.ComponentRegistrar" />
208-->[com.google.firebase:firebase-installations:19.0.1] AndroidManifest.xml:17:17-82
209            <meta-data
209-->[com.google.firebase:firebase-installations:19.0.1] AndroidManifest.xml:18:13-20:85
210                android:name="com.google.firebase.components:com.google.firebase.installations.FirebaseInstallationsRegistrar"
210-->[com.google.firebase:firebase-installations:19.0.1] AndroidManifest.xml:19:17-127
211                android:value="com.google.firebase.components.ComponentRegistrar" />
211-->[com.google.firebase:firebase-installations:19.0.1] AndroidManifest.xml:20:17-82
212            <meta-data
212-->[com.google.firebase:firebase-common:22.0.1] AndroidManifest.xml:35:13-37:85
213                android:name="com.google.firebase.components:com.google.firebase.FirebaseCommonKtxRegistrar"
213-->[com.google.firebase:firebase-common:22.0.1] AndroidManifest.xml:36:17-109
214                android:value="com.google.firebase.components.ComponentRegistrar" />
214-->[com.google.firebase:firebase-common:22.0.1] AndroidManifest.xml:37:17-82
215            <meta-data
215-->[com.google.firebase:firebase-datatransport:18.2.0] AndroidManifest.xml:25:13-27:85
216                android:name="com.google.firebase.components:com.google.firebase.datatransport.TransportRegistrar"
216-->[com.google.firebase:firebase-datatransport:18.2.0] AndroidManifest.xml:26:17-115
217                android:value="com.google.firebase.components.ComponentRegistrar" />
217-->[com.google.firebase:firebase-datatransport:18.2.0] AndroidManifest.xml:27:17-82
218        </service>
219        <service
219-->[:firebase_messaging] AndroidManifest.xml:14:9-17:72
220            android:name="io.flutter.plugins.firebase.messaging.FlutterFirebaseMessagingBackgroundService"
220-->[:firebase_messaging] AndroidManifest.xml:15:13-107
221            android:exported="false"
221-->[:firebase_messaging] AndroidManifest.xml:16:13-37
222            android:permission="android.permission.BIND_JOB_SERVICE" />
222-->[:firebase_messaging] AndroidManifest.xml:17:13-69
223        <service
223-->[:firebase_messaging] AndroidManifest.xml:18:9-24:19
224            android:name="io.flutter.plugins.firebase.messaging.FlutterFirebaseMessagingService"
224-->[:firebase_messaging] AndroidManifest.xml:19:13-97
225            android:exported="false" >
225-->[:firebase_messaging] AndroidManifest.xml:20:13-37
226            <intent-filter>
226-->[:firebase_messaging] AndroidManifest.xml:21:13-23:29
227                <action android:name="com.google.firebase.MESSAGING_EVENT" />
227-->[:firebase_messaging] AndroidManifest.xml:22:17-78
227-->[:firebase_messaging] AndroidManifest.xml:22:25-75
228            </intent-filter>
229        </service>
230
231        <receiver
231-->[:firebase_messaging] AndroidManifest.xml:26:9-33:20
232            android:name="io.flutter.plugins.firebase.messaging.FlutterFirebaseMessagingReceiver"
232-->[:firebase_messaging] AndroidManifest.xml:27:13-98
233            android:exported="true"
233-->[:firebase_messaging] AndroidManifest.xml:28:13-36
234            android:permission="com.google.android.c2dm.permission.SEND" >
234-->[:firebase_messaging] AndroidManifest.xml:29:13-73
235            <intent-filter>
235-->[:firebase_messaging] AndroidManifest.xml:30:13-32:29
236                <action android:name="com.google.android.c2dm.intent.RECEIVE" />
236-->[:firebase_messaging] AndroidManifest.xml:31:17-81
236-->[:firebase_messaging] AndroidManifest.xml:31:25-78
237            </intent-filter>
238        </receiver>
239
240        <provider
240-->[:firebase_messaging] AndroidManifest.xml:41:9-45:38
241            android:name="io.flutter.plugins.firebase.messaging.FlutterFirebaseMessagingInitProvider"
241-->[:firebase_messaging] AndroidManifest.xml:42:13-102
242            android:authorities="com.rektech.settingwalaapp.flutterfirebasemessaginginitprovider"
242-->[:firebase_messaging] AndroidManifest.xml:43:13-88
243            android:exported="false"
243-->[:firebase_messaging] AndroidManifest.xml:44:13-37
244            android:initOrder="99" />
244-->[:firebase_messaging] AndroidManifest.xml:45:13-35
245
246        <activity
246-->[com.google.firebase:firebase-auth:24.0.1] AndroidManifest.xml:29:9-46:20
247            android:name="com.google.firebase.auth.internal.GenericIdpActivity"
247-->[com.google.firebase:firebase-auth:24.0.1] AndroidManifest.xml:30:13-80
248            android:excludeFromRecents="true"
248-->[com.google.firebase:firebase-auth:24.0.1] AndroidManifest.xml:31:13-46
249            android:exported="true"
249-->[com.google.firebase:firebase-auth:24.0.1] AndroidManifest.xml:32:13-36
250            android:launchMode="singleTask"
250-->[com.google.firebase:firebase-auth:24.0.1] AndroidManifest.xml:33:13-44
251            android:theme="@android:style/Theme.Translucent.NoTitleBar" >
251-->[com.google.firebase:firebase-auth:24.0.1] AndroidManifest.xml:34:13-72
252            <intent-filter>
252-->[com.google.firebase:firebase-auth:24.0.1] AndroidManifest.xml:35:13-45:29
253                <action android:name="android.intent.action.VIEW" />
253-->src\main\AndroidManifest.xml:61:13-65
253-->src\main\AndroidManifest.xml:61:21-62
254
255                <category android:name="android.intent.category.DEFAULT" />
255-->[com.google.firebase:firebase-auth:24.0.1] AndroidManifest.xml:38:17-76
255-->[com.google.firebase:firebase-auth:24.0.1] AndroidManifest.xml:38:27-73
256                <category android:name="android.intent.category.BROWSABLE" />
256-->src\main\AndroidManifest.xml:62:13-74
256-->src\main\AndroidManifest.xml:62:23-71
257
258                <data
258-->src\main\AndroidManifest.xml:57:13-50
259                    android:host="firebase.auth"
260                    android:path="/"
261                    android:scheme="genericidp" />
262            </intent-filter>
263        </activity>
264        <activity
264-->[com.google.firebase:firebase-auth:24.0.1] AndroidManifest.xml:47:9-64:20
265            android:name="com.google.firebase.auth.internal.RecaptchaActivity"
265-->[com.google.firebase:firebase-auth:24.0.1] AndroidManifest.xml:48:13-79
266            android:excludeFromRecents="true"
266-->[com.google.firebase:firebase-auth:24.0.1] AndroidManifest.xml:49:13-46
267            android:exported="true"
267-->[com.google.firebase:firebase-auth:24.0.1] AndroidManifest.xml:50:13-36
268            android:launchMode="singleTask"
268-->[com.google.firebase:firebase-auth:24.0.1] AndroidManifest.xml:51:13-44
269            android:theme="@android:style/Theme.Translucent.NoTitleBar" >
269-->[com.google.firebase:firebase-auth:24.0.1] AndroidManifest.xml:52:13-72
270            <intent-filter>
270-->[com.google.firebase:firebase-auth:24.0.1] AndroidManifest.xml:53:13-63:29
271                <action android:name="android.intent.action.VIEW" />
271-->src\main\AndroidManifest.xml:61:13-65
271-->src\main\AndroidManifest.xml:61:21-62
272
273                <category android:name="android.intent.category.DEFAULT" />
273-->[com.google.firebase:firebase-auth:24.0.1] AndroidManifest.xml:38:17-76
273-->[com.google.firebase:firebase-auth:24.0.1] AndroidManifest.xml:38:27-73
274                <category android:name="android.intent.category.BROWSABLE" />
274-->src\main\AndroidManifest.xml:62:13-74
274-->src\main\AndroidManifest.xml:62:23-71
275
276                <data
276-->src\main\AndroidManifest.xml:57:13-50
277                    android:host="firebase.auth"
278                    android:path="/"
279                    android:scheme="recaptcha" />
280            </intent-filter>
281        </activity>
282
283        <provider
283-->[com.cashfree.pg:api:2.2.8] AndroidManifest.xml:8:9-11:40
284            android:name="com.cashfree.pg.api.CashfreeCoreContentProvider"
284-->[com.cashfree.pg:api:2.2.8] AndroidManifest.xml:9:13-75
285            android:authorities="com.rektech.settingwalaapp.cashfreecorecontentprovider"
285-->[com.cashfree.pg:api:2.2.8] AndroidManifest.xml:10:13-79
286            android:exported="false" />
286-->[com.cashfree.pg:api:2.2.8] AndroidManifest.xml:11:13-37
287
288        <meta-data
288-->[com.cashfree.pg:api:2.2.8] AndroidManifest.xml:13:9-15:78
289            android:name="cashfree_pg_core_auto_initialization_enabled"
289-->[com.cashfree.pg:api:2.2.8] AndroidManifest.xml:14:13-72
290            android:value="@bool/cashfree_pg_core_auto_initialize_enabled" />
290-->[com.cashfree.pg:api:2.2.8] AndroidManifest.xml:15:13-75
291        <meta-data
291-->[com.cashfree.pg:api:2.2.8] AndroidManifest.xml:16:9-18:72
292            android:name="cashfree_pg_core_reporting_enabled"
292-->[com.cashfree.pg:api:2.2.8] AndroidManifest.xml:17:13-62
293            android:value="@bool/cashfree_pg_core_reporting_enabled" />
293-->[com.cashfree.pg:api:2.2.8] AndroidManifest.xml:18:13-69
294
295        <activity
295-->[com.cashfree.pg:ui:2.2.8] AndroidManifest.xml:15:9-35:20
296            android:name="com.cashfree.pg.ui.hidden.checkout.CashfreeNativeCheckoutActivity"
296-->[com.cashfree.pg:ui:2.2.8] AndroidManifest.xml:16:13-93
297            android:exported="false"
297-->[com.cashfree.pg:ui:2.2.8] AndroidManifest.xml:17:13-37
298            android:launchMode="singleTop"
298-->[com.cashfree.pg:ui:2.2.8] AndroidManifest.xml:18:13-43
299            android:screenOrientation="portrait"
299-->[com.cashfree.pg:ui:2.2.8] AndroidManifest.xml:19:13-49
300            android:theme="@style/CFUITheme"
300-->[com.cashfree.pg:ui:2.2.8] AndroidManifest.xml:20:13-45
301            android:windowSoftInputMode="adjustPan" >
301-->[com.cashfree.pg:ui:2.2.8] AndroidManifest.xml:21:13-52
302            <intent-filter>
302-->[com.cashfree.pg:ui:2.2.8] AndroidManifest.xml:22:13-26:29
303                <action android:name="android.nfc.action.TECH_DISCOVERED" />
303-->[com.cashfree.pg:ui:2.2.8] AndroidManifest.xml:23:17-77
303-->[com.cashfree.pg:ui:2.2.8] AndroidManifest.xml:23:25-74
304
305                <category android:name="android.intent.category.DEFAULT" />
305-->[com.google.firebase:firebase-auth:24.0.1] AndroidManifest.xml:38:17-76
305-->[com.google.firebase:firebase-auth:24.0.1] AndroidManifest.xml:38:27-73
306            </intent-filter>
307            <intent-filter>
307-->[com.cashfree.pg:ui:2.2.8] AndroidManifest.xml:27:13-31:29
308                <action android:name="android.nfc.action.TAG_DISCOVERED" />
308-->[com.cashfree.pg:ui:2.2.8] AndroidManifest.xml:28:17-76
308-->[com.cashfree.pg:ui:2.2.8] AndroidManifest.xml:28:25-73
309
310                <category android:name="android.intent.category.DEFAULT" />
310-->[com.google.firebase:firebase-auth:24.0.1] AndroidManifest.xml:38:17-76
310-->[com.google.firebase:firebase-auth:24.0.1] AndroidManifest.xml:38:27-73
311            </intent-filter>
312            <intent-filter>
312-->[com.cashfree.pg:ui:2.2.8] AndroidManifest.xml:32:13-34:29
313                <action android:name="android.nfc.action.NDEF_DISCOVERED" />
313-->[com.cashfree.pg:ui:2.2.8] AndroidManifest.xml:33:17-77
313-->[com.cashfree.pg:ui:2.2.8] AndroidManifest.xml:33:25-74
314            </intent-filter>
315        </activity>
316        <activity
316-->[com.cashfree.pg:ui:2.2.8] AndroidManifest.xml:36:9-40:54
317            android:name="com.cashfree.pg.ui.hidden.seamless.CFDropSeamlessActivity"
317-->[com.cashfree.pg:ui:2.2.8] AndroidManifest.xml:37:13-85
318            android:exported="false"
318-->[com.cashfree.pg:ui:2.2.8] AndroidManifest.xml:38:13-37
319            android:launchMode="singleTop"
319-->[com.cashfree.pg:ui:2.2.8] AndroidManifest.xml:39:13-43
320            android:theme="@style/CFSeamlessStyle" />
320-->[com.cashfree.pg:ui:2.2.8] AndroidManifest.xml:40:13-51
321
322        <meta-data
322-->[com.cashfree.pg:core:2.2.8] AndroidManifest.xml:40:9-42:36
323            android:name="android.webkit.WebView.EnableSafeBrowsing"